v8-version,9,4,146,26,-node.26,0
v8-platform,linux,linux
new,CodeRange,0x7f0895ffc000,0
new,MemoryChunk,0x171f240c0000,262144
new,MemoryChunk,0xaebfb980000,262144
new,MemoryChunk,0x194f43640000,262144
new,MemoryChunk,0x11ebcccc0000,262144
new,MemoryChunk,0x3cbfe5fc0000,262144
heap-capacity,1031072
heap-available,2198652736
new,MemoryChunk,0xe2bab180000,262144
new,MemoryChunk,0x1e04a9180000,262144
new,MemoryChunk,0x37316db80000,262144
new,MemoryChunk,0x3f56e4dc0000,262144
new,MemoryChunk,0x189441b00000,262144
new,MemoryChunk,0x31fc23880000,262144
new,MemoryChunk,0xa509a240000,262144
new,MemoryChunk,0x7f0896000000,262144
new,MemoryChunk,0x2775ec80000,262144
new,MemoryChunk,0x3b92709c0000,262144
new,MemoryChunk,0x130192bc0000,262144
new,MemoryChunk,0x2d21f09c0000,262144
new,MemoryChunk,0x332e44300000,262144
new,MemoryChunk,0x268c162c0000,262144
new,MemoryChunk,0x7f0896040000,262144
new,MemoryChunk,0x1c2b49780000,262144
new,MemoryChunk,0x24cb6c100000,262144
